#
# A fatal error has been detected by the Java Runtime Environment:
#
#  EXCEPTION_ACCESS_VIOLATION (0xc0000005) at pc=0x6d9b099b, pid=5380, tid=6592
#
# JRE version: 6.0_22-b04
# Java VM: Java HotSpot(TM) Client VM (17.1-b03 mixed mode windows-x86 )
# Problematic frame:
# V  [jvm.dll+0x11099b]
#
# If you would like to submit a bug report, please visit:
#   http://java.sun.com/webapps/bugreport/crash.jsp
#

---------------  T H R E A D  ---------------

Current thread (0x0250e000):  JavaThread "JDWP Transport Listener: dt_socket" daemon [_thread_in_vm, id=6592, stack(0x189e0000,0x18a30000)]

siginfo: ExceptionCode=0xc0000005, reading address 0x003b7465

Registers:
EAX=0x003b7465, EBX=0x00000000, ECX=0x000071ee, EDX=0x00000000
ESP=0x18a2fc14, EBP=0x18a2fc18, ESI=0x0250e000, EDI=0x024587e0
EIP=0x6d9b099b, EFLAGS=0x00010206

Top of Stack: (sp=0x18a2fc14)
0x18a2fc14:   0250e000 18a2fc40 6d9d6502 003b7465
0x18a2fc24:   18a2fcc4 18a2fc7b 0250e000 00000000
0x18a2fc34:   00000000 00000000 0250e000 18a2fc7c
0x18a2fc44:   6d43976e 024587e0 003b7465 18a2fc7b
0x18a2fc54:   003b7465 6d4242c9 003b7465 18a2fc7b
0x18a2fc64:   00000003 00000000 00000000 00000008
0x18a2fc74:   00000000 00a2fc9c 18a2fc9c 6d424434
0x18a2fc84:   00000001 18a2fcb8 18a2fe54 6d442b02 

Instructions: (pc=0x6d9b099b)
0x6d9b098b:   cc cc cc cc cc 55 8b ec 8b 45 08 85 c0 56 74 25
0x6d9b099b:   8b 30 85 f6 74 1f 81 fe fe fe fe fe 74 17 8b 46 


Stack: [0x189e0000,0x18a30000],  sp=0x18a2fc14,  free space=13f18a2f57ck
Native frames: (J=compiled Java code, j=interpreted, Vv=VM code, C=native code)
V  [jvm.dll+0x11099b]
V  [jvm.dll+0x136502]
C  [jdwp.dll+0x1976e]
C  [jdwp.dll+0x4434]
C  [jdwp.dll+0x4472]
C  [jdwp.dll+0x17d53]
V  [jvm.dll+0x185f3c]
C  [msvcr71.dll+0x9565]
C  [kernel32.dll+0x1339a]
C  [ntdll.dll+0x39ef2]
C  [ntdll.dll+0x39ec5]


---------------  P R O C E S S  ---------------

Java Threads: ( => current thread )
  0x18d4dc00 JavaThread "Low Memory Detector" daemon [_thread_blocked, id=4040, stack(0x18f40000,0x18f90000)]
  0x0251fc00 JavaThread "CompilerThread0" daemon [_thread_blocked, id=6036, stack(0x18c50000,0x18ca0000)]
  0x02512000 JavaThread "JDWP Command Reader" daemon [_thread_in_native, id=2720, stack(0x18bc0000,0x18c10000)]
  0x02511000 JavaThread "JDWP Event Helper Thread" daemon [_thread_blocked, id=6740, stack(0x18ab0000,0x18b00000)]
=>0x0250e000 JavaThread "JDWP Transport Listener: dt_socket" daemon [_thread_in_vm, id=6592, stack(0x189e0000,0x18a30000)]
  0x02504400 JavaThread "Attach Listener" daemon [_thread_blocked, id=5860, stack(0x18850000,0x188a0000)]
  0x02501000 JavaThread "Signal Dispatcher" daemon [_thread_blocked, id=6104, stack(0x187c0000,0x18810000)]
  0x024d7c00 JavaThread "Finalizer" daemon [_thread_blocked, id=4712, stack(0x18730000,0x18780000)]
  0x024d1000 JavaThread "Reference Handler" daemon [_thread_blocked, id=6348, stack(0x186a0000,0x186f0000)]
  0x00189800 JavaThread "main" [_thread_blocked, id=1136, stack(0x00240000,0x00290000)]

Other Threads:
  0x024ce000 VMThread [stack: 0x18610000,0x18660000] [id=1556]
  0x18d50c00 WatcherThread [stack: 0x18fd0000,0x19020000] [id=600]

VM state:not at safepoint (normal execution)

VM Mutex/Monitor currently owned by a thread: None

Heap
 def new generation   total 4928K, used 458K [0x04520000, 0x04a70000, 0x09a70000)
  eden space 4416K,  10% used [0x04520000, 0x04592880, 0x04970000)
  from space 512K,   0% used [0x04970000, 0x04970000, 0x049f0000)
  to   space 512K,   0% used [0x049f0000, 0x049f0000, 0x04a70000)
 tenured generation   total 10944K, used 0K [0x09a70000, 0x0a520000, 0x14520000)
   the space 10944K,   0% used [0x09a70000, 0x09a70000, 0x09a70200, 0x0a520000)
 compacting perm gen  total 12288K, used 1876K [0x14520000, 0x15120000, 0x18520000)
   the space 12288K,  15% used [0x14520000, 0x146f5088, 0x146f5200, 0x15120000)
No shared spaces configured.

Dynamic libraries:
0x00400000 - 0x00424000 	D:\development\programs\jdk1.6.0_22\bin\javaw.exe
0x77900000 - 0x77a80000 	C:\Windows\SysWOW64\ntdll.dll
0x76f30000 - 0x77040000 	C:\Windows\syswow64\kernel32.dll
0x76bb0000 - 0x76bf6000 	C:\Windows\syswow64\KERNELBASE.dll
0x77040000 - 0x770e0000 	C:\Windows\syswow64\ADVAPI32.dll
0x754c0000 - 0x7556c000 	C:\Windows\syswow64\msvcrt.dll
0x770e0000 - 0x770f9000 	C:\Windows\SysWOW64\sechost.dll
0x76530000 - 0x76620000 	C:\Windows\syswow64\RPCRT4.dll
0x75460000 - 0x754c0000 	C:\Windows\syswow64\SspiCli.dll
0x75450000 - 0x7545c000 	C:\Windows\syswow64\CRYPTBASE.dll
0x76620000 - 0x76720000 	C:\Windows\syswow64\USER32.dll
0x761f0000 - 0x76280000 	C:\Windows\syswow64\GDI32.dll
0x778d0000 - 0x778da000 	C:\Windows\syswow64\LPK.dll
0x76e90000 - 0x76f2d000 	C:\Windows\syswow64\USP10.dll
0x76290000 - 0x762f0000 	C:\Windows\system32\IMM32.DLL
0x76aa0000 - 0x76b6c000 	C:\Windows\syswow64\MSCTF.dll
0x7c340000 - 0x7c396000 	D:\development\programs\jdk1.6.0_22\jre\bin\msvcr71.dll
0x6d8a0000 - 0x6db47000 	D:\development\programs\jdk1.6.0_22\jre\bin\client\jvm.dll
0x750a0000 - 0x750d2000 	C:\Windows\system32\WINMM.dll
0x750e0000 - 0x7512c000 	C:\Windows\system32\apphelp.dll
0x6d850000 - 0x6d85c000 	D:\development\programs\jdk1.6.0_22\jre\bin\verify.dll
0x6d3d0000 - 0x6d3ef000 	D:\development\programs\jdk1.6.0_22\jre\bin\java.dll
0x6d330000 - 0x6d338000 	D:\development\programs\jdk1.6.0_22\jre\bin\hpi.dll
0x76780000 - 0x76785000 	C:\Windows\syswow64\PSAPI.DLL
0x6d420000 - 0x6d449000 	D:\development\programs\jdk1.6.0_22\jre\bin\jdwp.dll
0x6d740000 - 0x6d746000 	D:\development\programs\jdk1.6.0_22\jre\bin\npt.dll
0x6d890000 - 0x6d89f000 	D:\development\programs\jdk1.6.0_22\jre\bin\zip.dll
0x6d2b0000 - 0x6d2b7000 	D:\development\programs\jdk1.6.0_22\jre\bin\dt_socket.dll
0x76b70000 - 0x76ba5000 	C:\Windows\syswow64\WS2_32.dll
0x76280000 - 0x76286000 	C:\Windows\syswow64\NSI.dll
0x75000000 - 0x75010000 	C:\Windows\system32\NLAapi.dll
0x74ff0000 - 0x75000000 	C:\Windows\system32\napinsp.dll
0x74fd0000 - 0x74fe2000 	C:\Windows\system32\pnrpnsp.dll
0x75030000 - 0x7506c000 	C:\Windows\System32\mswsock.dll
0x74f80000 - 0x74fc4000 	C:\Windows\system32\DNSAPI.dll
0x74f70000 - 0x74f78000 	C:\Windows\System32\winrnr.dll
0x74f50000 - 0x74f6c000 	C:\Windows\system32\IPHLPAPI.DLL
0x74f40000 - 0x74f47000 	C:\Windows\system32\WINNSI.DLL
0x74ef0000 - 0x74f28000 	C:\Windows\System32\fwpuclnt.dll
0x74f30000 - 0x74f36000 	C:\Windows\system32\rasadhlp.dll
0x75010000 - 0x75015000 	C:\Windows\System32\wshtcpip.dll
0x6d6b0000 - 0x6d6c3000 	D:\development\programs\jdk1.6.0_22\jre\bin\net.dll
0x75020000 - 0x75026000 	C:\Windows\System32\wship6.dll
0x74ee0000 - 0x74eed000 	C:\Windows\system32\dhcpcsvc6.DLL
0x74ec0000 - 0x74ed2000 	C:\Windows\system32\dhcpcsvc.DLL

VM Arguments:
jvm_args: -agentlib:jdwp=transport=dt_socket,suspend=y,address=localhost:56611 -Dfile.encoding=Cp1252 
java_command: klem.clamshell.webdev.tests.NetworkInterfaces
Launcher Type: SUN_STANDARD

Environment Variables:
JAVA_HOME=D:\development\programs\jdk1.6.0_22
PATH=D:\development\programs\jdk1.6.0_22\jre\bin;D:/development/programs/jdk1.6.0_22/bin/../jre/bin/client;D:/development/programs/jdk1.6.0_22/bin/../jre/bin;D:/development/programs/jdk1.6.0_22/bin/../jre/lib/i386;D:\development\programs\jdk1.6.0_22\bin;D:\development\programs\apache-maven-3.0.3\bin;D:\development\programs\Python26;D:\development\programs\Graphviz2.26.3\bin;C:\Program Files\TortoiseSVN\bin;C:\Program Files\MySQL\MySQL Server 5.5\bin;D:\development\programs\eclipse-indigo;
USERNAME=e402685
OS=Windows_NT
PROCESSOR_IDENTIFIER=Intel64 Family 6 Model 42 Stepping 7, GenuineIntel



---------------  S Y S T E M  ---------------

OS: Windows 7 Build 7601 Service Pack 1

CPU:total 8 (8 cores per cpu, 2 threads per core) family 6 model 42 stepping 7, cmov, cx8, fxsr, mmx, sse, sse2, sse3, ssse3, sse4.1, sse4.2, popcnt, ht

Memory: 4k page, physical 8344592k(3397724k free), swap 16687336k(10362944k free)

vm_info: Java HotSpot(TM) Client VM (17.1-b03) for windows-x86 JRE (1.6.0_22-b04), built on Sep 15 2010 00:56:36 by "java_re" with MS VC++ 7.1 (VS2003)

time: Tue Oct 16 14:05:11 2012
elapsed time: 5080 seconds

